<?xml version="1.0" encoding="UTF-8"?>
<beans xmlns="http://www.springframework.org/schema/beans"
	xmlns:xsi="http://www.w3.org/2001/XMLSchema-instance"
	xsi:schemaLocation="http://www.springframework.org/schema/beans http://www.springframework.org/schema/beans/spring-beans.xsd">

	<bean id="beanA" class="org.opensprout.osaf.util.BeanA" />
	<bean id="beanB" class="org.opensprout.osaf.util.BeanB" />
	<bean id="beanD1" class="org.opensprout.osaf.util.BeanD" />
	<bean id="beanD2" class="org.opensprout.osaf.util.BeanD" />

</beans>
